0, 1.10687e+00, 1.10798e+00, 0.00000e+00, 3.64e+01, 4.49e+01, 10000
1, 8.47550e-01, 7.68788e-01, 7.95313e+01, 3.96e+01, 4.81e+01, 10000
2, 7.35653e-01, 6.26680e-01, 1.09599e+02, 3.40e+01, 4.26e+01, 10000
3, 7.01974e-01, 5.60417e-01, 1.42117e+02, 3.29e+01, 4.16e+01, 10000
4, 7.05454e-01, 5.35778e-01, 1.70211e+02, 3.37e+01, 4.23e+01, 10000
5, 7.00950e-01, 5.16597e-01, 1.84869e+02, 3.05e+01, 3.93e+01, 10000
6, 6.96830e-01, 5.09717e-01, 1.87623e+02, 2.87e+01, 3.75e+01, 10000
7, 6.98413e-01, 5.13058e-01, 1.85868e+02, 2.79e+01, 3.67e+01, 10000
8, 7.02248e-01, 5.22847e-01, 1.79924e+02, 3.00e+01, 3.89e+01, 10000
9, 6.96966e-01, 5.24290e-01, 1.73200e+02, 2.75e+01, 3.65e+01, 10000
10, 6.88735e-01, 5.18446e-01, 1.70807e+02, 2.84e+01, 3.72e+01, 10000
11, 6.82988e-01, 5.12967e-01, 1.70534e+02, 2.82e+01, 3.71e+01, 10000
12, 6.71901e-01, 5.06489e-01, 1.65919e+02, 2.88e+01, 3.77e+01, 10000
13, 6.52647e-01, 4.99454e-01, 1.53693e+02, 2.97e+01, 3.86e+01, 10000
14, 6.32505e-01, 4.96981e-01, 1.36021e+02, 3.07e+01, 3.97e+01, 10000
15, 6.13276e-01, 4.96285e-01, 1.17487e+02, 3.41e+01, 4.30e+01, 10000
16, 5.95884e-01, 4.95388e-01, 1.00992e+02, 3.15e+01, 4.05e+01, 10000
17, 5.87902e-01, 5.01468e-01, 8.69363e+01, 3.50e+01, 4.41e+01, 10000
18, 5.94615e-01, 5.20698e-01, 7.44370e+01, 3.55e+01, 4.45e+01, 10000
19, 6.65613e-01, 6.02927e-01, 6.32883e+01, 2.98e+01, 3.89e+01, 10000
20, 5.92085e-01, 5.40150e-01, 5.24742e+01, 3.31e+01, 4.21e+01, 10000
21, 5.81568e-01, 5.39228e-01, 4.28799e+01, 3.65e+01, 4.54e+01, 10000
22, 5.66279e-01, 5.30914e-01, 3.58961e+01, 3.41e+01, 4.32e+01, 10000
23, 5.45354e-01, 5.14003e-01, 3.18652e+01, 3.49e+01, 4.39e+01, 10000
24, 5.29289e-01, 4.96883e-01, 3.29029e+01, 3.51e+01, 4.41e+01, 10000
25, 5.29395e-01, 4.97771e-01, 3.21219e+01, 3.62e+01, 4.53e+01, 10000
26, 5.24098e-01, 4.95269e-01, 2.93247e+01, 3.65e+01, 4.57e+01, 10000
27, 5.13552e-01, 4.85831e-01, 2.82075e+01, 4.12e+01, 5.03e+01, 10000
28, 4.78499e-01, 4.50949e-01, 2.80009e+01, 4.10e+01, 5.00e+01, 10000
29, 4.85114e-01, 4.54127e-01, 3.14415e+01, 3.75e+01, 4.66e+01, 10000
30, 4.63917e-01, 4.25370e-01, 3.89724e+01, 3.74e+01, 4.64e+01, 10000
31, 6.41182e-01, 5.96903e-01, 4.48754e+01, 3.46e+01, 4.35e+01, 10000
32, 5.19158e-01, 4.70628e-01, 4.90006e+01, 3.81e+01, 4.71e+01, 10000
33, 4.46024e-01, 3.98189e-01, 4.82329e+01, 3.84e+01, 4.74e+01, 10000
34, 4.53212e-01, 4.05409e-01, 4.82086e+01, 4.34e+01, 5.23e+01, 10000
35, 4.34016e-01, 3.91431e-01, 4.29765e+01, 4.23e+01, 5.13e+01, 10000
36, 4.09608e-01, 3.71926e-01, 3.80540e+01, 4.20e+01, 5.11e+01, 10000
37, 4.23144e-01, 3.85378e-01, 3.81512e+01, 4.15e+01, 5.06e+01, 10000
38, 4.19692e-01, 3.80385e-01, 3.96879e+01, 3.70e+01, 4.60e+01, 10000
39, 4.12057e-01, 3.73669e-01, 3.87617e+01, 4.21e+01, 5.11e+01, 10000
40, 3.99936e-01, 3.64849e-01, 3.54517e+01, 4.15e+01, 5.06e+01, 10000
41, 4.05645e-01, 3.72619e-01, 3.33989e+01, 3.77e+01, 4.66e+01, 10000
42, 4.03908e-01, 3.71900e-01, 3.23799e+01, 4.28e+01, 5.18e+01, 10000
43, 3.93596e-01, 3.62974e-01, 3.09849e+01, 4.29e+01, 5.20e+01, 10000
44, 3.91453e-01, 3.60588e-01, 3.12263e+01, 3.84e+01, 4.75e+01, 10000
45, 3.82772e-01, 3.50969e-01, 3.21541e+01, 3.90e+01, 4.81e+01, 10000
46, 3.69483e-01, 3.36014e-01, 3.38054e+01, 3.86e+01, 4.76e+01, 10000
47, 3.67279e-01, 3.33216e-01, 3.43967e+01, 4.34e+01, 5.24e+01, 10000
48, 3.50276e-01, 3.16000e-01, 3.45919e+01, 4.25e+01, 5.17e+01, 10000
49, 3.47947e-01, 3.14004e-01, 3.42568e+01, 3.82e+01, 4.72e+01, 10000
50, 3.45969e-01, 3.13047e-01, 3.32357e+01, 3.73e+01, 4.62e+01, 10000
51, 3.51681e-01, 3.20854e-01, 3.11481e+01, 3.77e+01, 4.66e+01, 10000
52, 3.44707e-01, 3.16374e-01, 2.86502e+01, 3.95e+01, 4.86e+01, 10000
53, 3.41798e-01, 3.15174e-01, 2.69397e+01, 3.97e+01, 4.89e+01, 10000
54, 3.29956e-01, 3.03040e-01, 2.72189e+01, 4.39e+01, 5.29e+01, 10000
55, 3.07911e-01, 2.77929e-01, 3.02599e+01, 3.98e+01, 4.86e+01, 10000
56, 2.91177e-01, 2.57540e-01, 3.38942e+01, 3.94e+01, 4.83e+01, 10000
57, 2.18078e-01, 1.82093e-01, 3.61665e+01, 4.51e+01, 5.40e+01, 10000
58, 2.32357e-01, 1.91056e-01, 4.14918e+01, 4.49e+01, 5.37e+01, 10000
59, 2.70323e-01, 2.26971e-01, 4.35789e+01, 4.10e+01, 4.99e+01, 10000
60, 2.44872e-01, 2.02236e-01, 4.28388e+01, 4.27e+01, 5.17e+01, 10000
61, 2.52767e-01, 2.14241e-01, 3.87404e+01, 4.71e+01, 5.61e+01, 10000
62, 2.42065e-01, 2.00872e-01, 4.13942e+01, 4.71e+01, 5.63e+01, 10000
63, 2.31490e-01, 1.86090e-01, 4.55864e+01, 4.40e+01, 5.32e+01, 10000
64, 1.95152e-01, 1.50797e-01, 4.45067e+01, 4.34e+01, 5.24e+01, 10000
65, 2.31351e-01, 1.87952e-01, 4.35870e+01, 4.34e+01, 5.22e+01, 10000
66, 2.05667e-01, 1.63643e-01, 4.21877e+01, 4.28e+01, 5.18e+01, 10000
67, 1.93922e-01, 1.50810e-01, 4.32627e+01, 4.62e+01, 5.51e+01, 10000
68, 2.00422e-01, 1.54786e-01, 4.57902e+01, 4.62e+01, 5.51e+01, 10000
69, 2.17083e-01, 1.71692e-01, 4.55630e+01, 4.54e+01, 5.44e+01, 10000
70, 1.94961e-01, 1.51525e-01, 4.35868e+01, 4.49e+01, 5.41e+01, 10000
71, 2.05987e-01, 1.62745e-01, 4.34040e+01, 4.60e+01, 5.50e+01, 10000
72, 2.50823e-01, 2.04106e-01, 4.69216e+01, 4.05e+01, 4.96e+01, 10000
73, 2.37854e-01, 1.90160e-01, 4.78835e+01, 4.55e+01, 5.46e+01, 10000
74, 2.39616e-01, 1.89729e-01, 5.00765e+01, 4.11e+01, 5.00e+01, 10000
75, 2.19101e-01, 1.65764e-01, 5.35019e+01, 4.69e+01, 5.60e+01, 10000
76, 1.84183e-01, 1.31118e-01, 5.31955e+01, 4.14e+01, 5.04e+01, 10000
77, 1.80781e-01, 1.30991e-01, 4.99209e+01, 4.29e+01, 5.22e+01, 10000
78, 1.69434e-01, 1.20119e-01, 4.94345e+01, 4.38e+01, 5.31e+01, 10000
79, 1.86873e-01, 1.36653e-01, 5.03573e+01, 4.37e+01, 5.30e+01, 10000
80, 1.87856e-01, 1.35939e-01, 5.20535e+01, 4.84e+01, 5.78e+01, 10000
81, 1.93862e-01, 1.45793e-01, 4.82150e+01, 4.92e+01, 5.85e+01, 10000
82, 1.60428e-01, 1.16030e-01, 4.45139e+01, 5.53e+01, 6.47e+01, 10000
83, 2.31944e-01, 1.89004e-01, 4.31292e+01, 4.50e+01, 5.45e+01, 10000
84, 2.25307e-01, 1.84487e-01, 4.10042e+01, 4.67e+01, 5.62e+01, 10000
85, 2.15560e-01, 1.73444e-01, 4.22885e+01, 4.52e+01, 5.47e+01, 10000
86, 2.20361e-01, 1.77709e-01, 4.28294e+01, 5.06e+01, 5.99e+01, 10000
87, 2.56784e-01, 2.15745e-01, 4.12542e+01, 4.41e+01, 5.34e+01, 10000
88, 1.86364e-01, 1.48173e-01, 3.83400e+01, 4.44e+01, 5.36e+01, 10000
89, 2.29097e-01, 1.89875e-01, 3.94115e+01, 4.80e+01, 5.74e+01, 10000
90, 1.94461e-01, 1.52502e-01, 4.21120e+01, 4.37e+01, 5.31e+01, 10000
91, 1.97358e-01, 1.54877e-01, 4.26362e+01, 4.33e+01, 5.27e+01, 10000
92, 1.95492e-01, 1.53693e-01, 4.19527e+01, 4.38e+01, 5.32e+01, 10000
93, 2.02203e-01, 1.59761e-01, 4.26015e+01, 4.50e+01, 5.42e+01, 10000
94, 1.80244e-01, 1.39100e-01, 4.12833e+01, 4.41e+01, 5.35e+01, 10000
95, 1.73689e-01, 1.33370e-01, 4.04530e+01, 4.96e+01, 5.91e+01, 10000
96, 1.61686e-01, 1.21156e-01, 4.06504e+01, 4.55e+01, 5.47e+01, 10000
97, 1.50792e-01, 1.10266e-01, 4.06362e+01, 4.55e+01, 5.51e+01, 10000
98, 1.89335e-01, 1.49467e-01, 4.00175e+01, 4.98e+01, 5.92e+01, 10000
99, 1.62611e-01, 1.22200e-01, 4.05328e+01, 4.52e+01, 5.46e+01, 10000
100, 1.75981e-01, 1.36339e-01, 3.97784e+01, 4.59e+01, 5.53e+01, 10000
101, 1.83241e-01, 1.44632e-01, 3.87538e+01, 4.52e+01, 5.44e+01, 10000
102, 1.62723e-01, 1.24531e-01, 3.83163e+01, 4.45e+01, 5.38e+01, 10000
103, 1.69453e-01, 1.31326e-01, 3.82583e+01, 4.37e+01, 5.29e+01, 10000
104, 1.58240e-01, 1.21081e-01, 3.72799e+01, 4.34e+01, 5.29e+01, 10000
105, 1.49544e-01, 1.14733e-01, 3.49258e+01, 4.93e+01, 5.88e+01, 10000
106, 1.35584e-01, 1.01742e-01, 3.39442e+01, 4.99e+01, 5.94e+01, 10000
107, 1.48966e-01, 1.14181e-01, 3.48993e+01, 4.61e+01, 5.57e+01, 10000
108, 1.57805e-01, 1.21403e-01, 3.65235e+01, 4.53e+01, 5.47e+01, 10000
109, 1.60997e-01, 1.22449e-01, 3.86706e+01, 4.48e+01, 5.40e+01, 10000
110, 1.63511e-01, 1.24165e-01, 3.94699e+01, 4.46e+01, 5.40e+01, 10000
111, 1.49696e-01, 1.11208e-01, 3.85990e+01, 4.92e+01, 5.85e+01, 10000
112, 1.82432e-01, 1.44241e-01, 3.83362e+01, 4.41e+01, 5.34e+01, 10000
113, 1.56113e-01, 1.20122e-01, 3.61120e+01, 4.95e+01, 5.85e+01, 10000
114, 1.77631e-01, 1.43688e-01, 3.40866e+01, 4.85e+01, 5.74e+01, 10000
115, 5.93894e-01, 5.59748e-01, 3.47052e+01, 4.11e+01, 5.01e+01, 10000
116, 2.07825e-01, 1.72192e-01, 3.58052e+01, 4.98e+01, 5.88e+01, 10000
117, 1.71720e-01, 1.37359e-01, 3.44986e+01, 4.44e+01, 5.34e+01, 10000
118, 2.10691e-01, 1.77658e-01, 3.32100e+01, 4.47e+01, 5.37e+01, 10000
119, 2.12954e-01, 1.78478e-01, 3.46548e+01, 4.89e+01, 5.79e+01, 10000
120, 2.24869e-01, 1.87481e-01, 3.75751e+01, 4.30e+01, 5.20e+01, 10000
121, 2.00778e-01, 1.62749e-01, 3.81922e+01, 4.74e+01, 5.64e+01, 10000
122, 2.08423e-01, 1.70855e-01, 3.77391e+01, 4.27e+01, 5.18e+01, 10000
123, 1.87521e-01, 1.49308e-01, 3.83623e+01, 4.31e+01, 5.22e+01, 10000
124, 1.69274e-01, 1.29367e-01, 4.00362e+01, 4.29e+01, 5.19e+01, 10000
125, 5.99595e-01, 5.59595e-01, 4.05588e+01, 4.45e+01, 5.35e+01, 10000
126, 1.84913e-01, 1.44370e-01, 4.06872e+01, 4.84e+01, 5.74e+01, 10000
127, 1.60275e-01, 1.21217e-01, 3.91789e+01, 4.85e+01, 5.74e+01, 10000
128, 1.74633e-01, 1.36988e-01, 3.77818e+01, 4.79e+01, 5.70e+01, 10000
129, 2.07999e-01, 1.71367e-01, 3.68042e+01, 4.36e+01, 5.27e+01, 10000
130, 1.97400e-01, 1.60522e-01, 3.70385e+01, 4.78e+01, 5.67e+01, 10000
131, 1.62323e-01, 1.25634e-01, 3.68152e+01, 4.46e+01, 5.35e+01, 10000
132, 1.58532e-01, 1.20731e-01, 3.79222e+01, 4.83e+01, 5.73e+01, 10000
133, 1.58672e-01, 1.18441e-01, 4.03493e+01, 4.31e+01, 5.22e+01, 10000
134, 1.42728e-01, 1.03181e-01, 3.96495e+01, 4.81e+01, 5.71e+01, 10000
135, 1.75053e-01, 1.36310e-01, 3.88787e+01, 4.77e+01, 5.67e+01, 10000
136, 1.69578e-01, 1.32849e-01, 3.68622e+01, 4.83e+01, 5.74e+01, 10000
137, 1.82004e-01, 1.46028e-01, 3.61219e+01, 4.59e+01, 5.49e+01, 10000
138, 1.67939e-01, 1.32231e-01, 3.58407e+01, 4.37e+01, 5.27e+01, 10000
139, 1.60332e-01, 1.24695e-01, 3.57617e+01, 4.85e+01, 5.74e+01, 10000
140, 1.64733e-01, 1.29076e-01, 3.57860e+01, 4.41e+01, 5.31e+01, 10000
141, 1.57284e-01, 1.22424e-01, 3.49825e+01, 4.82e+01, 5.73e+01, 10000
142, 1.54281e-01, 1.20317e-01, 3.40842e+01, 4.80e+01, 5.69e+01, 10000
143, 1.39887e-01, 1.05994e-01, 3.39995e+01, 4.73e+01, 5.62e+01, 10000
144, 1.43066e-01, 1.07817e-01, 3.53568e+01, 4.81e+01, 5.71e+01, 10000
145, 1.41248e-01, 1.05436e-01, 3.59180e+01, 4.86e+01, 5.76e+01, 10000
146, 1.49491e-01, 1.11772e-01, 3.78302e+01, 4.88e+01, 5.78e+01, 10000
147, 1.59072e-01, 1.21826e-01, 3.73678e+01, 4.45e+01, 5.34e+01, 10000
148, 1.51719e-01, 1.15815e-01, 3.60192e+01, 4.89e+01, 5.79e+01, 10000
149, 1.41238e-01, 1.05267e-01, 3.60768e+01, 4.39e+01, 5.35e+01, 10000
150, 1.71436e-01, 1.34811e-01, 3.67597e+01, 4.46e+01, 5.36e+01, 10000
151, 1.40974e-01, 1.05589e-01, 3.54903e+01, 4.87e+01, 5.76e+01, 10000
152, 1.71762e-01, 1.36187e-01, 3.57105e+01, 4.45e+01, 5.35e+01, 10000
153, 1.83869e-01, 1.46007e-01, 3.80076e+01, 4.83e+01, 5.73e+01, 10000
154, 1.85699e-01, 1.43189e-01, 4.26525e+01, 4.35e+01, 5.25e+01, 10000
155, 1.65684e-01, 1.22761e-01, 4.30464e+01, 4.80e+01, 5.71e+01, 10000
156, 1.92651e-01, 1.53416e-01, 3.93885e+01, 5.26e+01, 6.15e+01, 10000
157, 1.80982e-01, 1.42067e-01, 3.90570e+01, 4.23e+01, 5.14e+01, 10000
158, 1.81794e-01, 1.40687e-01, 4.12480e+01, 4.28e+01, 5.18e+01, 10000
159, 1.62437e-01, 1.21705e-01, 4.08538e+01, 4.69e+01, 5.60e+01, 10000
160, 1.59122e-01, 1.18568e-01, 4.06724e+01, 4.30e+01, 5.21e+01, 10000
161, 1.53280e-01, 1.11387e-01, 4.20043e+01, 4.25e+01, 5.15e+01, 10000
162, 1.50342e-01, 1.08823e-01, 4.16283e+01, 4.71e+01, 5.60e+01, 10000
163, 1.23130e-01, 8.37932e-02, 3.94206e+01, 4.79e+01, 5.72e+01, 10000
164, 1.94128e-01, 1.54936e-01, 3.93475e+01, 4.31e+01, 5.22e+01, 10000
165, 1.69941e-01, 1.31761e-01, 3.83111e+01, 4.66e+01, 5.57e+01, 10000
166, 1.33190e-01, 9.64726e-02, 3.68137e+01, 4.69e+01, 5.59e+01, 10000
167, 1.59886e-01, 1.23162e-01, 3.68469e+01, 4.14e+01, 5.03e+01, 10000
168, 1.48139e-01, 1.11063e-01, 3.71870e+01, 4.21e+01, 5.12e+01, 10000
169, 1.59472e-01, 1.23240e-01, 3.63554e+01, 4.44e+01, 5.34e+01, 10000
170, 1.59540e-01, 1.23968e-01, 3.56964e+01, 4.84e+01, 5.73e+01, 10000
171, 1.57906e-01, 1.22097e-01, 3.59319e+01, 4.96e+01, 5.91e+01, 10000
172, 1.49187e-01, 1.12957e-01, 3.63421e+01, 4.98e+01, 5.88e+01, 10000
173, 1.56371e-01, 1.20496e-01, 3.59956e+01, 4.90e+01, 5.83e+01, 10000
174, 1.71530e-01, 1.35991e-01, 3.56749e+01, 4.77e+01, 5.66e+01, 10000
175, 1.45922e-01, 1.11686e-01, 3.43479e+01, 4.82e+01, 5.73e+01, 10000
176, 1.62619e-01, 1.28907e-01, 3.38401e+01, 4.42e+01, 5.31e+01, 10000
177, 1.44235e-01, 1.10413e-01, 3.39330e+01, 4.42e+01, 5.33e+01, 10000
178, 1.49594e-01, 1.14003e-01, 3.57046e+01, 4.83e+01, 5.73e+01, 10000
179, 1.35282e-01, 9.89171e-02, 3.64637e+01, 4.83e+01, 5.73e+01, 10000
180, 1.39227e-01, 1.02436e-01, 3.68932e+01, 4.31e+01, 5.22e+01, 10000
181, 1.55374e-01, 1.18577e-01, 3.69160e+01, 4.75e+01, 5.62e+01, 10000
182, 1.40768e-01, 1.04320e-01, 3.65530e+01, 4.25e+01, 5.13e+01, 10000
183, 1.78860e-01, 1.44384e-01, 3.46207e+01, 4.20e+01, 5.10e+01, 10000
184, 1.24481e-01, 9.09121e-02, 3.36600e+01, 4.23e+01, 5.11e+01, 10000
185, 1.68676e-01, 1.33768e-01, 3.50421e+01, 4.74e+01, 5.61e+01, 10000
186, 1.40731e-01, 1.04446e-01, 3.63891e+01, 4.17e+01, 5.05e+01, 10000
187, 1.66934e-01, 1.30136e-01, 3.69274e+01, 4.41e+01, 5.33e+01, 10000
188, 1.75235e-01, 1.39693e-01, 3.56820e+01, 4.82e+01, 5.71e+01, 10000
189, 1.47992e-01, 1.13767e-01, 3.43386e+01, 4.78e+01, 5.66e+01, 10000
190, 1.50119e-01, 1.15600e-01, 3.46344e+01, 4.75e+01, 5.63e+01, 10000
191, 1.76692e-01, 1.41624e-01, 3.52091e+01, 4.72e+01, 5.60e+01, 10000
192, 1.76360e-01, 1.40953e-01, 3.55482e+01, 4.65e+01, 5.53e+01, 10000
193, 1.85011e-01, 1.49655e-01, 3.55057e+01, 4.62e+01, 5.49e+01, 10000
194, 1.39057e-01, 1.01759e-01, 3.73998e+01, 4.74e+01, 5.62e+01, 10000
195, 1.70232e-01, 1.31231e-01, 3.91324e+01, 4.71e+01, 5.61e+01, 10000
196, 1.48081e-01, 1.09816e-01, 3.83749e+01, 4.18e+01, 5.06e+01, 10000
197, 1.44691e-01, 1.07508e-01, 3.72901e+01, 4.68e+01, 5.59e+01, 10000
198, 1.46559e-01, 1.09879e-01, 3.67897e+01, 4.71e+01, 5.60e+01, 10000
199, 1.60459e-01, 1.24499e-01, 3.60849e+01, 4.69e+01, 5.58e+01, 10000
200, 1.36829e-01, 1.01298e-01, 3.56326e+01, 4.23e+01, 5.11e+01, 10000
201, 1.20031e-01, 8.40384e-02, 3.60768e+01, 4.25e+01, 5.14e+01, 10000
202, 1.34436e-01, 9.96736e-02, 3.48619e+01, 4.75e+01, 5.65e+01, 10000
203, 1.39860e-01, 1.05168e-01, 3.47967e+01, 4.34e+01, 5.23e+01, 10000
204, 5.92587e-01, 5.59682e-01, 3.34647e+01, 3.92e+01, 4.80e+01, 10000
205, 1.91906e-01, 1.59739e-01, 3.23262e+01, 4.33e+01, 5.26e+01, 10000
206, 1.40648e-01, 1.08792e-01, 3.19646e+01, 4.91e+01, 5.79e+01, 10000
207, 1.54097e-01, 1.21271e-01, 3.29473e+01, 4.81e+01, 5.70e+01, 10000
208, 1.53434e-01, 1.20344e-01, 3.32104e+01, 4.28e+01, 5.22e+01, 10000
209, 1.33551e-01, 9.97576e-02, 3.38930e+01, 4.98e+01, 5.91e+01, 10000
210, 1.43993e-01, 1.08695e-01, 3.54073e+01, 4.81e+01, 5.68e+01, 10000
211, 1.40003e-01, 1.04877e-01, 3.52315e+01, 4.33e+01, 5.22e+01, 10000
212, 1.34575e-01, 9.91807e-02, 3.54938e+01, 4.37e+01, 5.29e+01, 10000
213, 1.43025e-01, 1.08225e-01, 3.49082e+01, 4.23e+01, 5.12e+01, 10000
214, 1.46369e-01, 1.13294e-01, 3.31883e+01, 4.69e+01, 5.58e+01, 10000
215, 1.31816e-01, 9.87706e-02, 3.31440e+01, 4.25e+01, 5.13e+01, 10000
216, 1.29772e-01, 9.55467e-02, 3.43210e+01, 4.24e+01, 5.11e+01, 10000
217, 1.31627e-01, 9.53330e-02, 3.63896e+01, 4.19e+01, 5.06e+01, 10000
218, 1.33144e-01, 9.52683e-02, 3.79710e+01, 4.72e+01, 5.60e+01, 10000
219, 1.20802e-01, 8.35184e-02, 3.73670e+01, 4.72e+01, 5.60e+01, 10000
220, 1.33002e-01, 9.76315e-02, 3.54683e+01, 4.16e+01, 5.04e+01, 10000
221, 1.36801e-01, 1.03091e-01, 3.38132e+01, 4.24e+01, 5.13e+01, 10000
222, 1.19652e-01, 8.78848e-02, 3.18552e+01, 4.71e+01, 5.59e+01, 10000
223, 1.38800e-01, 1.07437e-01, 3.14700e+01, 4.74e+01, 5.62e+01, 10000
224, 1.28867e-01, 9.76927e-02, 3.12717e+01, 4.65e+01, 5.53e+01, 10000
225, 1.32052e-01, 9.90138e-02, 3.31369e+01, 4.39e+01, 5.27e+01, 10000
226, 1.05972e-01, 7.23067e-02, 3.37381e+01, 4.85e+01, 5.72e+01, 10000
227, 1.27261e-01, 9.42920e-02, 3.30631e+01, 4.89e+01, 5.78e+01, 10000
228, 1.56534e-01, 1.23366e-01, 3.32905e+01, 4.84e+01, 5.73e+01, 10000
229, 1.26354e-01, 9.35749e-02, 3.28730e+01, 4.80e+01, 5.68e+01, 10000
230, 1.96931e-01, 1.63004e-01, 3.40903e+01, 4.28e+01, 5.16e+01, 10000
231, 1.59198e-01, 1.22497e-01, 3.68232e+01, 4.78e+01, 5.67e+01, 10000
232, 1.45928e-01, 1.08785e-01, 3.72517e+01, 4.23e+01, 5.10e+01, 10000
233, 1.53260e-01, 1.17609e-01, 3.57687e+01, 4.70e+01, 5.59e+01, 10000
234, 1.55890e-01, 1.21446e-01, 3.45646e+01, 4.16e+01, 5.05e+01, 10000
235, 1.58696e-01, 1.24197e-01, 3.46239e+01, 4.18e+01, 5.12e+01, 10000
236, 1.52406e-01, 1.16928e-01, 3.55946e+01, 4.82e+01, 5.71e+01, 10000
237, 1.51141e-01, 1.15637e-01, 3.56194e+01, 4.37e+01, 5.25e+01, 10000
238, 1.32905e-01, 9.84139e-02, 3.45891e+01, 4.77e+01, 5.65e+01, 10000
239, 1.16726e-01, 8.28491e-02, 3.39598e+01, 4.26e+01, 5.14e+01, 10000
240, 1.65804e-01, 1.31836e-01, 3.40998e+01, 4.24e+01, 5.12e+01, 10000
241, 1.59313e-01, 1.24789e-01, 3.46485e+01, 4.73e+01, 5.62e+01, 10000
242, 1.72026e-01, 1.35443e-01, 3.67191e+01, 4.84e+01, 5.72e+01, 10000
243, 1.60675e-01, 1.23116e-01, 3.76828e+01, 4.68e+01, 5.57e+01, 10000
244, 1.36292e-01, 9.91482e-02, 3.72425e+01, 4.18e+01, 5.06e+01, 10000
245, 1.37124e-01, 1.01010e-01, 3.62148e+01, 4.72e+01, 5.60e+01, 10000
246, 1.47510e-01, 1.09714e-01, 3.79058e+01, 4.69e+01, 5.58e+01, 10000
247, 1.61667e-01, 1.23972e-01, 3.78181e+01, 4.73e+01, 5.61e+01, 10000
248, 1.33343e-01, 9.67513e-02, 3.66885e+01, 4.18e+01, 5.07e+01, 10000
249, 1.63102e-01, 1.25535e-01, 3.76929e+01, 4.30e+01, 5.19e+01, 10000
250, 5.96444e-01, 5.59814e-01, 3.71895e+01, 4.37e+01, 5.25e+01, 10000
251, 1.97201e-01, 1.62069e-01, 3.52937e+01, 4.73e+01, 5.62e+01, 10000
252, 1.77911e-01, 1.44655e-01, 3.34006e+01, 4.58e+01, 5.47e+01, 10000
253, 1.47431e-01, 1.13170e-01, 3.43742e+01, 4.77e+01, 5.66e+01, 10000
254, 1.64033e-01, 1.27070e-01, 3.70900e+01, 4.21e+01, 5.09e+01, 10000
255, 1.55638e-01, 1.16598e-01, 3.91568e+01, 4.22e+01, 5.11e+01, 10000
256, 1.39118e-01, 1.01181e-01, 3.80390e+01, 4.72e+01, 5.61e+01, 10000
257, 1.40878e-01, 1.04263e-01, 3.67201e+01, 4.71e+01, 5.60e+01, 10000
258, 1.33231e-01, 9.74791e-02, 3.58497e+01, 4.19e+01, 5.08e+01, 10000
259, 1.40120e-01, 1.05558e-01, 3.46682e+01, 4.18e+01, 5.07e+01, 10000
260, 1.29453e-01, 9.45045e-02, 3.50429e+01, 4.77e+01, 5.66e+01, 10000
261, 1.30568e-01, 9.40639e-02, 3.65980e+01, 4.79e+01, 5.68e+01, 10000
262, 1.31611e-01, 9.65162e-02, 3.51915e+01, 4.19e+01, 5.08e+01, 10000
263, 1.31966e-01, 9.84794e-02, 3.35847e+01, 4.36e+01, 5.24e+01, 10000
264, 5.92682e-01, 5.59823e-01, 3.34192e+01, 4.12e+01, 5.01e+01, 10000
265, 2.00727e-01, 1.66563e-01, 3.43306e+01, 4.90e+01, 5.78e+01, 10000
266, 1.70893e-01, 1.36814e-01, 3.42155e+01, 4.41e+01, 5.30e+01, 10000
267, 5.95182e-01, 5.60650e-01, 3.50927e+01, 4.52e+01, 5.42e+01, 10000
268, 1.90866e-01, 1.55139e-01, 3.58826e+01, 4.34e+01, 5.22e+01, 10000
269, 1.69166e-01, 1.35224e-01, 3.40771e+01, 4.72e+01, 5.60e+01, 10000
270, 1.51856e-01, 1.19353e-01, 3.26227e+01, 4.78e+01, 5.70e+01, 10000
271, 1.42979e-01, 1.10289e-01, 3.27998e+01, 4.84e+01, 5.78e+01, 10000
272, 1.21136e-01, 8.79965e-02, 3.32277e+01, 4.43e+01, 5.38e+01, 10000
273, 5.94684e-01, 5.59989e-01, 3.52547e+01, 4.72e+01, 5.68e+01, 10000
274, 2.18788e-01, 1.81156e-01, 3.78132e+01, 4.58e+01, 5.52e+01, 10000
275, 2.07827e-01, 1.70996e-01, 3.70018e+01, 4.70e+01, 5.65e+01, 10000
276, 1.98510e-01, 1.63877e-01, 3.47963e+01, 5.09e+01, 6.05e+01, 10000
277, 1.77518e-01, 1.44609e-01, 3.30536e+01, 5.19e+01, 6.14e+01, 10000
278, 1.57867e-01, 1.25196e-01, 3.27966e+01, 5.11e+01, 6.06e+01, 10000
279, 1.56815e-01, 1.22570e-01, 3.43674e+01, 4.71e+01, 5.67e+01, 10000
280, 1.64063e-01, 1.28819e-01, 3.53727e+01, 4.57e+01, 5.53e+01, 10000
281, 1.61076e-01, 1.25699e-01, 3.55028e+01, 4.54e+01, 5.50e+01, 10000
282, 1.44556e-01, 1.08715e-01, 3.59489e+01, 5.04e+01, 6.00e+01, 10000
283, 1.53731e-01, 1.17945e-01, 3.59035e+01, 5.04e+01, 5.99e+01, 10000
284, 1.34228e-01, 9.97195e-02, 3.46079e+01, 5.07e+01, 6.04e+01, 10000
285, 1.20676e-01, 8.75809e-02, 3.31824e+01, 5.08e+01, 6.04e+01, 10000
286, 1.31817e-01, 9.86691e-02, 3.32465e+01, 4.58e+01, 5.53e+01, 10000
287, 1.58867e-01, 1.24785e-01, 3.42076e+01, 4.51e+01, 5.47e+01, 10000
288, 1.41104e-01, 1.07183e-01, 3.40279e+01, 4.62e+01, 5.58e+01, 10000
289, 1.69079e-01, 1.35140e-01, 3.40741e+01, 4.97e+01, 5.92e+01, 10000
290, 1.36604e-01, 1.01281e-01, 3.54244e+01, 4.47e+01, 5.42e+01, 10000
291, 1.52401e-01, 1.16655e-01, 3.58626e+01, 4.90e+01, 5.85e+01, 10000
292, 1.31333e-01, 9.68317e-02, 3.45979e+01, 4.46e+01, 5.40e+01, 10000
293, 1.50078e-01, 1.15537e-01, 3.46568e+01, 4.25e+01, 5.15e+01, 10000
294, 1.42066e-01, 1.07000e-01, 3.51732e+01, 4.77e+01, 5.66e+01, 10000
295, 1.40606e-01, 1.06726e-01, 3.39868e+01, 4.84e+01, 5.75e+01, 10000
296, 1.66663e-01, 1.33136e-01, 3.36605e+01, 4.74e+01, 5.64e+01, 10000
297, 1.24514e-01, 9.20734e-02, 3.25325e+01, 4.21e+01, 5.10e+01, 10000
298, 1.60235e-01, 1.26152e-01, 3.42100e+01, 4.81e+01, 5.70e+01, 10000
299, 1.46396e-01, 1.10718e-01, 3.57884e+01, 4.79e+01, 5.68e+01, 10000
300, 1.26687e-01, 9.19940e-02, 3.47845e+01, 4.74e+01, 5.63e+01, 10000
301, 1.43317e-01, 1.10059e-01, 3.33678e+01, 4.32e+01, 5.21e+01, 10000
302, 1.57977e-01, 1.24738e-01, 3.33638e+01, 4.18e+01, 5.08e+01, 10000
303, 1.16624e-01, 8.31507e-02, 3.35564e+01, 4.78e+01, 5.66e+01, 10000
304, 1.60457e-01, 1.24465e-01, 3.61166e+01, 4.29e+01, 5.18e+01, 10000
305, 1.43840e-01, 1.07016e-01, 3.69307e+01, 4.31e+01, 5.20e+01, 10000
306, 5.94925e-01, 5.60114e-01, 3.53712e+01, 4.49e+01, 5.38e+01, 10000
307, 2.01867e-01, 1.68499e-01, 3.35364e+01, 4.74e+01, 5.62e+01, 10000
308, 1.59280e-01, 1.28005e-01, 3.14033e+01, 4.22e+01, 5.10e+01, 10000
309, 1.83598e-01, 1.51645e-01, 3.21040e+01, 4.72e+01, 5.60e+01, 10000
310, 1.61854e-01, 1.27977e-01, 3.40052e+01, 4.22e+01, 5.10e+01, 10000
311, 1.64922e-01, 1.29225e-01, 3.58265e+01, 4.31e+01, 5.20e+01, 10000
312, 1.84693e-01, 1.47015e-01, 3.78243e+01, 4.83e+01, 5.72e+01, 10000
313, 1.35006e-01, 9.79827e-02, 3.71212e+01, 4.82e+01, 5.71e+01, 10000
314, 1.63762e-01, 1.25994e-01, 3.78939e+01, 4.85e+01, 5.74e+01, 10000
315, 1.71959e-01, 1.35308e-01, 3.67857e+01, 4.20e+01, 5.09e+01, 10000
316, 1.40781e-01, 1.06339e-01, 3.45488e+01, 4.82e+01, 5.70e+01, 10000
317, 1.73722e-01, 1.40482e-01, 3.33806e+01, 4.18e+01, 5.07e+01, 10000
318, 1.41862e-01, 1.08386e-01, 3.35839e+01, 4.20e+01, 5.09e+01, 10000
319, 1.55354e-01, 1.18855e-01, 3.66176e+01, 4.81e+01, 5.70e+01, 10000
320, 1.65665e-01, 1.28081e-01, 3.77120e+01, 4.85e+01, 5.75e+01, 10000
321, 1.40541e-01, 1.04969e-01, 3.56767e+01, 4.80e+01, 5.69e+01, 10000
322, 1.55760e-01, 1.23377e-01, 3.25069e+01, 4.29e+01, 5.17e+01, 10000
323, 1.27608e-01, 9.62763e-02, 3.14283e+01, 4.74e+01, 5.64e+01, 10000
324, 1.58543e-01, 1.25752e-01, 3.29168e+01, 4.85e+01, 5.75e+01, 10000
325, 1.29751e-01, 9.60761e-02, 3.37709e+01, 4.88e+01, 5.77e+01, 10000
326, 1.40239e-01, 1.06687e-01, 3.36584e+01, 4.86e+01, 5.75e+01, 10000
327, 1.22586e-01, 8.93410e-02, 3.33345e+01, 4.23e+02, 4.32e+02, 100000
328, 1.57321e-01, 1.23216e-01, 3.42280e+01, 4.71e+02, 4.79e+02, 100000
329, 1.36936e-01, 1.02163e-01, 3.48752e+01, 4.76e+02, 4.86e+02, 100000
330, 1.60018e-01, 1.25200e-01, 3.49439e+01, 4.21e+02, 4.30e+02, 100000
331, 1.89124e-01, 1.54430e-01, 3.48485e+01, 4.17e+02, 4.26e+02, 100000
332, 1.56533e-01, 1.21532e-01, 3.51223e+01, 4.26e+02, 4.35e+02, 100000
333, 1.82094e-01, 1.46999e-01, 3.52425e+01, 4.73e+02, 4.82e+02, 100000
334, 1.82497e-01, 1.47795e-01, 3.48493e+01, 4.64e+02, 4.73e+02, 100000
335, 1.42510e-01, 1.08015e-01, 3.46031e+01, 4.14e+02, 4.23e+02, 100000
336, 5.95800e-01, 5.59957e-01, 3.64031e+01, 3.89e+02, 3.98e+02, 100000
337, 2.32556e-01, 1.95102e-01, 3.76492e+01, 4.20e+02, 4.29e+02, 100000
338, 1.67042e-01, 1.30147e-01, 3.70247e+01, 4.25e+02, 4.34e+02, 100000
339, 2.03553e-01, 1.66197e-01, 3.75218e+01, 4.86e+02, 4.95e+02, 100000
340, 1.80191e-01, 1.43103e-01, 3.72307e+01, 4.82e+02, 4.91e+02, 100000
341, 1.57605e-01, 1.20831e-01, 3.68945e+01, 4.29e+02, 4.37e+02, 100000
342, 1.68514e-01, 1.31711e-01, 3.69353e+01, 4.17e+02, 4.26e+02, 100000
343, 1.75769e-01, 1.38316e-01, 3.75918e+01, 4.67e+02, 4.76e+02, 100000
344, 1.54347e-01, 1.17467e-01, 3.69976e+01, 4.27e+02, 4.36e+02, 100000
345, 1.47796e-01, 1.11741e-01, 3.61668e+01, 4.72e+02, 4.81e+02, 100000
346, 1.13016e-01, 7.75352e-02, 3.55579e+01, 4.21e+02, 4.30e+02, 100000
347, 1.38254e-01, 1.03335e-01, 3.50221e+01, 4.68e+02, 4.77e+02, 100000
348, 1.82379e-01, 1.46119e-01, 3.64066e+01, 4.70e+02, 4.79e+02, 100000
349, 1.85724e-01, 1.46259e-01, 3.96114e+01, 4.63e+02, 4.72e+02, 100000
350, 1.73765e-01, 1.33710e-01, 4.01887e+01, 4.66e+02, 4.75e+02, 100000
351, 1.47165e-01, 1.08448e-01, 3.88249e+01, 4.64e+02, 4.73e+02, 100000
352, 1.48434e-01, 1.07471e-01, 4.10706e+01, 4.63e+02, 4.72e+02, 100000
353, 1.51504e-01, 1.09146e-01, 4.24669e+01, 4.65e+02, 4.74e+02, 100000
354, 1.46898e-01, 1.04142e-01, 4.28602e+01, 4.14e+02, 4.23e+02, 100000
355, 1.56458e-01, 1.13682e-01, 4.28901e+01, 4.55e+02, 4.64e+02, 100000
356, 1.43305e-01, 1.02250e-01, 4.11572e+01, 4.62e+02, 4.71e+02, 100000
357, 1.22251e-01, 8.28956e-02, 3.94380e+01, 4.17e+02, 4.26e+02, 100000
358, 1.62821e-01, 1.25486e-01, 3.74606e+01, 4.57e+02, 4.66e+02, 100000
359, 1.40353e-01, 1.05218e-01, 3.52403e+01, 4.59e+02, 4.68e+02, 100000
360, 1.48755e-01, 1.14979e-01, 3.38909e+01, 4.17e+02, 4.26e+02, 100000
361, 1.35407e-01, 1.01889e-01, 3.36202e+01, 4.25e+02, 4.34e+02, 100000
362, 1.75737e-01, 1.40338e-01, 3.55388e+01, 4.27e+02, 4.36e+02, 100000
363, 1.56678e-01, 1.19739e-01, 3.70585e+01, 4.74e+02, 4.83e+02, 100000
364, 1.53455e-01, 1.16862e-01, 3.67097e+01, 4.74e+02, 4.83e+02, 100000
365, 1.62278e-01, 1.26695e-01, 3.57094e+01, 4.72e+02, 4.81e+02, 100000
366, 1.71450e-01, 1.36403e-01, 3.51837e+01, 4.72e+02, 4.81e+02, 100000
367, 1.43252e-01, 1.06909e-01, 3.64502e+01, 4.62e+02, 4.71e+02, 100000
368, 1.80193e-01, 1.41269e-01, 3.90646e+01, 4.55e+02, 4.64e+02, 100000
369, 5.98014e-01, 5.60423e-01, 3.81512e+01, 4.24e+02, 4.33e+02, 100000
370, 2.06894e-01, 1.70428e-01, 3.66363e+01, 4.51e+02, 4.59e+02, 100000
371, 1.45831e-01, 1.09190e-01, 3.67505e+01, 4.57e+02, 4.66e+02, 100000
372, 1.96330e-01, 1.57226e-01, 3.92610e+01, 4.30e+02, 4.39e+02, 100000
373, 1.66529e-01, 1.27691e-01, 3.89648e+01, 4.91e+02, 5.00e+02, 100000
374, 1.45988e-01, 1.07109e-01, 3.89856e+01, 4.92e+02, 5.01e+02, 100000
375, 1.49906e-01, 1.08328e-01, 4.16867e+01, 4.98e+02, 5.07e+02, 100000
376, 1.57681e-01, 1.16142e-01, 4.16549e+01, 4.71e+02, 4.80e+02, 100000
377, 1.38260e-01, 9.86382e-02, 3.97205e+01, 4.22e+02, 4.31e+02, 100000
378, 1.31138e-01, 9.28069e-02, 3.84235e+01, 4.69e+02, 4.78e+02, 100000
379, 1.36885e-01, 1.00872e-01, 3.61139e+01, 4.67e+02, 4.76e+02, 100000
380, 1.40290e-01, 1.06265e-01, 3.41304e+01, 4.21e+02, 4.30e+02, 100000
381, 1.42004e-01, 1.06921e-01, 3.51894e+01, 4.12e+02, 4.21e+02, 100000
382, 1.29902e-01, 9.40332e-02, 3.59625e+01, 4.20e+02, 4.29e+02, 100000
383, 1.22639e-01, 8.64910e-02, 3.62340e+01, 4.15e+02, 4.24e+02, 100000
384, 1.30420e-01, 9.35250e-02, 3.69881e+01, 4.67e+02, 4.76e+02, 100000
385, 1.33577e-01, 9.83185e-02, 3.53570e+01, 4.70e+02, 4.79e+02, 100000
386, 1.17721e-01, 8.22489e-02, 3.55546e+01, 4.26e+02, 4.35e+02, 100000
387, 1.34857e-01, 1.00082e-01, 3.48751e+01, 4.28e+02, 4.36e+02, 100000
388, 1.46216e-01, 1.12713e-01, 3.36163e+01, 4.24e+02, 4.33e+02, 100000
389, 1.28303e-01, 9.54039e-02, 3.29943e+01, 4.70e+02, 4.79e+02, 100000
390, 1.45425e-01, 1.11438e-01, 3.40980e+01, 4.65e+02, 4.74e+02, 100000
391, 1.22373e-01, 8.84630e-02, 3.39981e+01, 4.76e+02, 4.84e+02, 100000
392, 1.13195e-01, 7.92873e-02, 3.39870e+01, 4.74e+02, 4.83e+02, 100000
393, 1.16117e-01, 8.33845e-02, 3.28157e+01, 4.72e+02, 4.81e+02, 100000
394, 1.48378e-01, 1.16449e-01, 3.20453e+01, 4.69e+02, 4.78e+02, 100000
395, 1.37779e-01, 1.05565e-01, 3.23197e+01, 4.21e+02, 4.30e+02, 100000
396, 1.39012e-01, 1.05851e-01, 3.32661e+01, 4.65e+02, 4.74e+02, 100000
397, 1.25603e-01, 9.24458e-02, 3.32494e+01, 4.21e+02, 4.30e+02, 100000
398, 1.12058e-01, 7.95150e-02, 3.26222e+01, 4.73e+02, 4.82e+02, 100000
399, 1.19192e-01, 8.66492e-02, 3.26291e+01, 4.30e+02, 4.39e+02, 100000
400, 1.91118e-01, 1.58379e-01, 3.28975e+01, 4.73e+02, 4.82e+02, 100000
401, 1.41735e-01, 1.07196e-01, 3.46467e+01, 4.23e+02, 4.32e+02, 100000
402, 1.60563e-01, 1.24313e-01, 3.63745e+01, 4.28e+02, 4.36e+02, 100000
403, 1.61867e-01, 1.25510e-01, 3.64828e+01, 4.29e+02, 4.38e+02, 100000
404, 1.60725e-01, 1.24973e-01, 3.58772e+01, 4.90e+02, 4.99e+02, 100000
405, 1.33440e-01, 9.84129e-02, 3.51258e+01, 4.38e+02, 4.47e+02, 100000
406, 1.28676e-01, 9.43489e-02, 3.44217e+01, 4.80e+02, 4.89e+02, 100000
407, 1.24151e-01, 9.09674e-02, 3.32743e+01, 4.62e+02, 4.71e+02, 100000
408, 1.44031e-01, 1.10551e-01, 3.35906e+01, 4.65e+02, 4.74e+02, 100000
409, 1.38178e-01, 1.04977e-01, 3.33060e+01, 4.66e+02, 4.75e+02, 100000
410, 1.52060e-01, 1.18867e-01, 3.33114e+01, 4.21e+02, 4.30e+02, 100000
411, 1.41797e-01, 1.09729e-01, 3.21773e+01, 4.21e+02, 4.30e+02, 100000
412, 1.34083e-01, 1.02812e-01, 3.13738e+01, 4.75e+02, 4.84e+02, 100000
413, 1.44566e-01, 1.12900e-01, 3.17780e+01, 4.24e+02, 4.33e+02, 100000
414, 1.50450e-01, 1.15827e-01, 3.47395e+01, 4.75e+02, 4.84e+02, 100000
415, 1.35460e-01, 9.82925e-02, 3.72663e+01, 4.75e+02, 4.83e+02, 100000
416, 1.38813e-01, 1.01110e-01, 3.78042e+01, 4.79e+02, 4.88e+02, 100000
417, 1.46083e-01, 1.10155e-01, 3.60382e+01, 4.26e+02, 4.35e+02, 100000
418, 1.31669e-01, 9.85004e-02, 3.32670e+01, 4.19e+02, 4.28e+02, 100000
419, 1.63277e-01, 1.31727e-01, 3.16813e+01, 4.79e+02, 4.87e+02, 100000
420, 1.85274e-01, 1.51061e-01, 3.43636e+01, 4.25e+02, 4.34e+02, 100000
421, 1.95003e-01, 1.58229e-01, 3.69320e+01, 4.29e+02, 4.38e+02, 100000
422, 1.68205e-01, 1.31517e-01, 3.68195e+01, 4.22e+02, 4.30e+02, 100000
423, 1.73089e-01, 1.36169e-01, 3.70562e+01, 4.23e+02, 4.32e+02, 100000
424, 1.51611e-01, 1.15348e-01, 3.63785e+01, 4.65e+02, 4.74e+02, 100000
425, 1.52984e-01, 1.15215e-01, 3.78836e+01, 4.18e+02, 4.27e+02, 100000
426, 1.41060e-01, 1.02642e-01, 3.85202e+01, 4.74e+02, 4.83e+02, 100000
